<?xml version="1.0" encoding="UTF-8"?>
<!-- Generated by org.testng.reporters.JUnitXMLReporter -->
<testsuite hostname="DESKTOP-9S87ER3" ignored="1" name="Elements Test" tests="3" failures="0" timestamp="01 Jun 2021 06:18:36 GMT" time="43.98" errors="0">
  <testcase name="validateInvalidSavingData" time="2.085" classname="com.aisha.DemoQASiteTestNG.TestClasses.WebTableTest"/>
  <testcase name="validateSavingData" time="1.602" classname="com.aisha.DemoQASiteTestNG.TestClasses.WebTableTest"/>
  <testcase name="validatesearchData" time="1.666" classname="com.aisha.DemoQASiteTestNG.TestClasses.WebTableTest"/>
  <testcase name="savingData" time="0.0" classname="com.aisha.DemoQASiteTestNG.TestClasses.WebTableTest">
    <ignored/>
  </testcase> <!-- savingData -->
</testsuite> <!-- Elements Test -->
