<?xml version="1.0" encoding="UTF-8"?>
<!-- Generated by org.testng.reporters.JUnitXMLReporter -->
<testsuite hostname="DESKTOP-9S87ER3" ignored="1" name="Elements Test" tests="3" failures="0" timestamp="23 May 2021 18:33:42 GMT" time="41.607" errors="0">
  <testcase name="validateInvalidSavingData" time="1.217" classname="com.aisha.DemoQASiteTestNG.TestClasses.WebTableTest"/>
  <testcase name="validateSavingData" time="1.223" classname="com.aisha.DemoQASiteTestNG.TestClasses.WebTableTest"/>
  <testcase name="validatesearchData" time="1.542" classname="com.aisha.DemoQASiteTestNG.TestClasses.WebTableTest"/>
  <testcase name="savingData" time="0.0" classname="com.aisha.DemoQASiteTestNG.TestClasses.WebTableTest">
    <ignored/>
  </testcase> <!-- savingData -->
</testsuite> <!-- Elements Test -->
