<?xml version="1.0" encoding="UTF-8"?>
<!-- Generated by org.testng.reporters.JUnitXMLReporter -->
<testsuite hostname="DESKTOP-9S87ER3" ignored="3" name="Elements Test(failed)" tests="5" failures="5" timestamp="15 May 2021 16:56:06 GMT" time="36.371" errors="0">
  <testcase name="@AfterMethod tearDown" time="0.001" classname="com.aisha.DemoQASiteTestNG.TestClasses.TextBoxTest">
    <failure type="java.lang.NullPointerException">
      <![CDATA[java.lang.NullPointerException
at com.aisha.DemoQASiteTestNG.TestClasses.TextBoxTest.tearDown(TextBoxTest.java:67)
at java.util.concurrent.ThreadPoolExecutor.runWorker(ThreadPoolExecutor.java:1149)
at java.util.concurrent.ThreadPoolExecutor$Worker.run(ThreadPoolExecutor.java:624)
at java.lang.Thread.run(Thread.java:748)
... Removed 13 stack frames]]>
    </failure>
  </testcase> <!-- @AfterMethod tearDown -->
  <testcase name="isEmailBoxHighlighted" time="0.132" classname="com.aisha.DemoQASiteTestNG.TestClasses.TextBoxTest">
    <failure type="java.lang.NullPointerException">
      <![CDATA[java.lang.NullPointerException
at com.aisha.DemoQASiteTestNG.pageClasses.ElementsTextBoxPageClass.validateEmailAddress(ElementsTextBoxPageClass.java:90)
at com.aisha.DemoQASiteTestNG.TestClasses.TextBoxTest.isEmailBoxHighlighted(TextBoxTest.java:50)
at java.util.concurrent.ThreadPoolExecutor.runWorker(ThreadPoolExecutor.java:1149)
at java.util.concurrent.ThreadPoolExecutor$Worker.run(ThreadPoolExecutor.java:624)
at java.lang.Thread.run(Thread.java:748)
... Removed 10 stack frames]]>
    </failure>
  </testcase> <!-- isEmailBoxHighlighted -->
  <testcase name="validatecheckBoxOptionsDescription" time="1.892" classname="com.aisha.DemoQASiteTestNG.TestClasses.CheckBoxTest">
    <failure type="java.lang.NullPointerException">
      <![CDATA[java.lang.NullPointerException
at com.aisha.DemoQASiteTestNG.pageClasses.ElementsCheckBoxPageClass.checkBoxOptionsDescription(ElementsCheckBoxPageClass.java:51)
at com.aisha.DemoQASiteTestNG.TestClasses.CheckBoxTest.validatecheckBoxOptionsDescription(CheckBoxTest.java:39)
at java.util.concurrent.ThreadPoolExecutor.runWorker(ThreadPoolExecutor.java:1149)
at java.util.concurrent.ThreadPoolExecutor$Worker.run(ThreadPoolExecutor.java:624)
at java.lang.Thread.run(Thread.java:748)
... Removed 10 stack frames]]>
    </failure>
  </testcase> <!-- validatecheckBoxOptionsDescription -->
  <testcase name="isElementsCardClickable" time="2.103" classname="com.aisha.DemoQASiteTestNG.TestClasses.CheckBoxTest">
    <failure type="java.lang.AssertionError" message="The elements card is not clickable expected [true] but found [false]">
      <![CDATA[java.lang.AssertionError: The elements card is not clickable expected [true] but found [false]
at com.aisha.DemoQASiteTestNG.TestClasses.CheckBoxTest.isElementsCardClickable(CheckBoxTest.java:33)
at java.util.concurrent.ThreadPoolExecutor.runWorker(ThreadPoolExecutor.java:1149)
at java.util.concurrent.ThreadPoolExecutor$Worker.run(ThreadPoolExecutor.java:624)
at java.lang.Thread.run(Thread.java:748)
... Removed 13 stack frames]]>
    </failure>
  </testcase> <!-- isElementsCardClickable -->
  <testcase name="validatecheckBoxOptionsDescription" time="1.126" classname="com.aisha.DemoQASiteTestNG.TestClasses.CheckBoxTest">
    <failure type="java.lang.NullPointerException">
      <![CDATA[java.lang.NullPointerException
at com.aisha.DemoQASiteTestNG.pageClasses.ElementsCheckBoxPageClass.checkBoxOptionsDescription(ElementsCheckBoxPageClass.java:51)
at com.aisha.DemoQASiteTestNG.TestClasses.CheckBoxTest.validatecheckBoxOptionsDescription(CheckBoxTest.java:39)
at java.util.concurrent.ThreadPoolExecutor.runWorker(ThreadPoolExecutor.java:1149)
at java.util.concurrent.ThreadPoolExecutor$Worker.run(ThreadPoolExecutor.java:624)
at java.lang.Thread.run(Thread.java:748)
... Removed 10 stack frames]]>
    </failure>
  </testcase> <!-- validatecheckBoxOptionsDescription -->
  <testcase name="validatecheckBoxOptionsDescription" time="1.113" classname="com.aisha.DemoQASiteTestNG.TestClasses.CheckBoxTest">
    <failure type="java.lang.NullPointerException">
      <![CDATA[java.lang.NullPointerException
at com.aisha.DemoQASiteTestNG.pageClasses.ElementsCheckBoxPageClass.checkBoxOptionsDescription(ElementsCheckBoxPageClass.java:51)
at com.aisha.DemoQASiteTestNG.TestClasses.CheckBoxTest.validatecheckBoxOptionsDescription(CheckBoxTest.java:39)
at java.util.concurrent.ThreadPoolExecutor.runWorker(ThreadPoolExecutor.java:1149)
at java.util.concurrent.ThreadPoolExecutor$Worker.run(ThreadPoolExecutor.java:624)
at java.lang.Thread.run(Thread.java:748)
... Removed 10 stack frames]]>
    </failure>
  </testcase> <!-- validatecheckBoxOptionsDescription -->
  <testcase name="verifyElementsForm" time="0.0" classname="com.aisha.DemoQASiteTestNG.TestClasses.TextBoxTest">
    <ignored/>
  </testcase> <!-- verifyElementsForm -->
  <testcase name="isTextBoxOptionClickable" time="0.0" classname="com.aisha.DemoQASiteTestNG.TestClasses.TextBoxTest">
    <ignored/>
  </testcase> <!-- isTextBoxOptionClickable -->
  <testcase name="isElementsCardClickable" time="0.0" classname="com.aisha.DemoQASiteTestNG.TestClasses.TextBoxTest">
    <ignored/>
  </testcase> <!-- isElementsCardClickable -->
</testsuite> <!-- Elements Test(failed) -->
