<?xml version="1.0" encoding="UTF-8"?>
<!-- Generated by org.testng.reporters.JUnitXMLReporter -->
<testsuite hostname="DESKTOP-9S87ER3" ignored="1" name="Elements Test(failed)(failed)(failed)(failed)" tests="3" failures="3" timestamp="15 May 2021 17:06:53 GMT" time="33.873" errors="0">
  <testcase name="validatecheckBoxOptionsDescription" time="1.137" classname="com.aisha.DemoQASiteTestNG.TestClasses.CheckBoxTest">
    <failure type="java.lang.NullPointerException">
      <![CDATA[java.lang.NullPointerException
at com.aisha.DemoQASiteTestNG.pageClasses.ElementsCheckBoxPageClass.checkBoxOptionsDescription(ElementsCheckBoxPageClass.java:51)
at com.aisha.DemoQASiteTestNG.TestClasses.CheckBoxTest.validatecheckBoxOptionsDescription(CheckBoxTest.java:39)
at java.util.concurrent.ThreadPoolExecutor.runWorker(ThreadPoolExecutor.java:1149)
at java.util.concurrent.ThreadPoolExecutor$Worker.run(ThreadPoolExecutor.java:624)
at java.lang.Thread.run(Thread.java:748)
... Removed 10 stack frames]]>
    </failure>
  </testcase> <!-- validatecheckBoxOptionsDescription -->
  <testcase name="validatecheckBoxOptionsDescription" time="1.119" classname="com.aisha.DemoQASiteTestNG.TestClasses.CheckBoxTest">
    <failure type="java.lang.NullPointerException">
      <![CDATA[java.lang.NullPointerException
at com.aisha.DemoQASiteTestNG.pageClasses.ElementsCheckBoxPageClass.checkBoxOptionsDescription(ElementsCheckBoxPageClass.java:51)
at com.aisha.DemoQASiteTestNG.TestClasses.CheckBoxTest.validatecheckBoxOptionsDescription(CheckBoxTest.java:39)
at java.util.concurrent.ThreadPoolExecutor.runWorker(ThreadPoolExecutor.java:1149)
at java.util.concurrent.ThreadPoolExecutor$Worker.run(ThreadPoolExecutor.java:624)
at java.lang.Thread.run(Thread.java:748)
... Removed 10 stack frames]]>
    </failure>
  </testcase> <!-- validatecheckBoxOptionsDescription -->
  <testcase name="validatecheckBoxOptionsDescription" time="1.137" classname="com.aisha.DemoQASiteTestNG.TestClasses.CheckBoxTest">
    <failure type="java.lang.NullPointerException">
      <![CDATA[java.lang.NullPointerException
at com.aisha.DemoQASiteTestNG.pageClasses.ElementsCheckBoxPageClass.checkBoxOptionsDescription(ElementsCheckBoxPageClass.java:51)
at com.aisha.DemoQASiteTestNG.TestClasses.CheckBoxTest.validatecheckBoxOptionsDescription(CheckBoxTest.java:39)
at java.util.concurrent.ThreadPoolExecutor.runWorker(ThreadPoolExecutor.java:1149)
at java.util.concurrent.ThreadPoolExecutor$Worker.run(ThreadPoolExecutor.java:624)
at java.lang.Thread.run(Thread.java:748)
... Removed 10 stack frames]]>
    </failure>
  </testcase> <!-- validatecheckBoxOptionsDescription -->
  <testcase name="isElementsCardClickable" time="0.0" classname="com.aisha.DemoQASiteTestNG.TestClasses.CheckBoxTest">
    <ignored/>
  </testcase> <!-- isElementsCardClickable -->
</testsuite> <!-- Elements Test(failed)(failed)(failed)(failed) -->
