<?xml version="1.0" encoding="UTF-8"?>
<testng-results skipped="0" failed="0" ignored="1" total="4" passed="3">
  <reporter-output>
  </reporter-output>
  <suite name="Suite" duration-ms="41607" started-at="2021-05-23T18:33:01Z" finished-at="2021-05-23T18:33:42Z">
    <groups>
    </groups>
    <test name="Elements Test" duration-ms="41607" started-at="2021-05-23T18:33:01Z" finished-at="2021-05-23T18:33:42Z">
      <class name="com.aisha.DemoQASiteTestNG.TestClasses.WebTableTest">
        <test-method status="PASS" signature="setUp()[pri:0, instance:com.aisha.DemoQASiteTestNG.TestClasses.WebTableTest@6eebc39e]" name="setUp" is-config="true" duration-ms="10445" started-at="2021-05-23T18:33:01Z" finished-at="2021-05-23T18:33:12Z">
          <reporter-output>
          </reporter-output>
        </test-method> <!-- setUp -->
        <test-method status="PASS" signature="validateInvalidSavingData(java.lang.String, java.lang.String, java.lang.String, java.lang.String, java.lang.String, java.lang.String)[pri:0, instance:com.aisha.DemoQASiteTestNG.TestClasses.WebTableTest@6eebc39e]" name="validateInvalidSavingData" duration-ms="1217" started-at="2021-05-23T18:33:12Z" data-provider="getElementsTestData" finished-at="2021-05-23T18:33:13Z">
          <params>
            <param index="0">
              <value>
                <![CDATA[Aisha]]>
              </value>
            </param>
            <param index="1">
              <value>
                <![CDATA[R]]>
              </value>
            </param>
            <param index="2">
              <value>
                <![CDATA[24.0]]>
              </value>
            </param>
            <param index="3">
              <value>
                <![CDATA[aisha@tabass@gmail.com]]>
              </value>
            </param>
            <param index="4">
              <value>
                <![CDATA[1000.0]]>
              </value>
            </param>
            <param index="5">
              <value>
                <![CDATA[LIC]]>
              </value>
            </param>
          </params>
          <reporter-output>
          </reporter-output>
        </test-method> <!-- validateInvalidSavingData -->
        <test-method status="PASS" signature="teardown()[pri:0, instance:com.aisha.DemoQASiteTestNG.TestClasses.WebTableTest@6eebc39e]" name="teardown" is-config="true" duration-ms="869" started-at="2021-05-23T18:33:13Z" finished-at="2021-05-23T18:33:14Z">
          <reporter-output>
          </reporter-output>
        </test-method> <!-- teardown -->
        <test-method status="PASS" signature="setUp()[pri:0, instance:com.aisha.DemoQASiteTestNG.TestClasses.WebTableTest@6eebc39e]" name="setUp" is-config="true" duration-ms="10607" started-at="2021-05-23T18:33:14Z" finished-at="2021-05-23T18:33:24Z">
          <reporter-output>
          </reporter-output>
        </test-method> <!-- setUp -->
        <test-method status="PASS" signature="validateSavingData(java.lang.String, java.lang.String, java.lang.String, java.lang.String, java.lang.String, java.lang.String)[pri:0, instance:com.aisha.DemoQASiteTestNG.TestClasses.WebTableTest@6eebc39e]" name="validateSavingData" duration-ms="1223" started-at="2021-05-23T18:33:24Z" data-provider="getElementsTestData" finished-at="2021-05-23T18:33:26Z">
          <params>
            <param index="0">
              <value>
                <![CDATA[Aisha]]>
              </value>
            </param>
            <param index="1">
              <value>
                <![CDATA[R]]>
              </value>
            </param>
            <param index="2">
              <value>
                <![CDATA[24.0]]>
              </value>
            </param>
            <param index="3">
              <value>
                <![CDATA[aisha@tabass@gmail.com]]>
              </value>
            </param>
            <param index="4">
              <value>
                <![CDATA[1000.0]]>
              </value>
            </param>
            <param index="5">
              <value>
                <![CDATA[LIC]]>
              </value>
            </param>
          </params>
          <reporter-output>
          </reporter-output>
        </test-method> <!-- validateSavingData -->
        <test-method status="PASS" signature="teardown()[pri:0, instance:com.aisha.DemoQASiteTestNG.TestClasses.WebTableTest@6eebc39e]" name="teardown" is-config="true" duration-ms="778" started-at="2021-05-23T18:33:26Z" finished-at="2021-05-23T18:33:26Z">
          <reporter-output>
          </reporter-output>
        </test-method> <!-- teardown -->
        <test-method status="PASS" signature="setUp()[pri:0, instance:com.aisha.DemoQASiteTestNG.TestClasses.WebTableTest@6eebc39e]" name="setUp" is-config="true" duration-ms="13235" started-at="2021-05-23T18:33:26Z" finished-at="2021-05-23T18:33:40Z">
          <reporter-output>
          </reporter-output>
        </test-method> <!-- setUp -->
        <test-method status="PASS" signature="validatesearchData(java.lang.String, java.lang.String, java.lang.String, java.lang.String, java.lang.String, java.lang.String)[pri:0, instance:com.aisha.DemoQASiteTestNG.TestClasses.WebTableTest@6eebc39e]" name="validatesearchData" duration-ms="1542" started-at="2021-05-23T18:33:40Z" data-provider="getElementsTestData" finished-at="2021-05-23T18:33:41Z">
          <params>
            <param index="0">
              <value>
                <![CDATA[Aisha]]>
              </value>
            </param>
            <param index="1">
              <value>
                <![CDATA[R]]>
              </value>
            </param>
            <param index="2">
              <value>
                <![CDATA[24.0]]>
              </value>
            </param>
            <param index="3">
              <value>
                <![CDATA[aisha@tabass@gmail.com]]>
              </value>
            </param>
            <param index="4">
              <value>
                <![CDATA[1000.0]]>
              </value>
            </param>
            <param index="5">
              <value>
                <![CDATA[LIC]]>
              </value>
            </param>
          </params>
          <reporter-output>
          </reporter-output>
        </test-method> <!-- validatesearchData -->
        <test-method status="PASS" signature="teardown()[pri:0, instance:com.aisha.DemoQASiteTestNG.TestClasses.WebTableTest@6eebc39e]" name="teardown" is-config="true" duration-ms="941" started-at="2021-05-23T18:33:41Z" finished-at="2021-05-23T18:33:42Z">
          <reporter-output>
          </reporter-output>
        </test-method> <!-- teardown -->
      </class> <!-- com.aisha.DemoQASiteTestNG.TestClasses.WebTableTest -->
    </test> <!-- Elements Test -->
  </suite> <!-- Suite -->
</testng-results>
