<?xml version="1.0" encoding="UTF-8"?>
<testng-results skipped="0" failed="0" ignored="1" total="3" passed="2">
  <reporter-output>
  </reporter-output>
  <suite name="Suite" duration-ms="58966" started-at="2021-06-19T18:44:34Z" finished-at="2021-06-19T18:45:33Z">
    <groups>
    </groups>
    <test name="Elements Test" duration-ms="58966" started-at="2021-06-19T18:44:34Z" finished-at="2021-06-19T18:45:33Z">
      <class name="com.aisha.DemoQASiteTestNG.TestClasses.DynamicPropertiesTest">
        <test-method status="PASS" signature="setUp()[pri:0, instance:com.aisha.DemoQASiteTestNG.TestClasses.DynamicPropertiesTest@ff5b51f]" name="setUp" is-config="true" duration-ms="34068" started-at="2021-06-19T18:44:34Z" finished-at="2021-06-19T18:45:08Z">
          <reporter-output>
          </reporter-output>
        </test-method> <!-- setUp -->
        <test-method status="PASS" signature="validateColorButton()[pri:0, instance:com.aisha.DemoQASiteTestNG.TestClasses.DynamicPropertiesTest@ff5b51f]" name="validateColorButton" duration-ms="6310" started-at="2021-06-19T18:45:08Z" finished-at="2021-06-19T18:45:15Z">
          <reporter-output>
          </reporter-output>
        </test-method> <!-- validateColorButton -->
        <test-method status="PASS" signature="tearDown()[pri:0, instance:com.aisha.DemoQASiteTestNG.TestClasses.DynamicPropertiesTest@ff5b51f]" name="tearDown" is-config="true" duration-ms="776" started-at="2021-06-19T18:45:15Z" finished-at="2021-06-19T18:45:15Z">
          <reporter-output>
          </reporter-output>
        </test-method> <!-- tearDown -->
        <test-method status="PASS" signature="setUp()[pri:0, instance:com.aisha.DemoQASiteTestNG.TestClasses.DynamicPropertiesTest@ff5b51f]" name="setUp" is-config="true" duration-ms="10785" started-at="2021-06-19T18:45:15Z" finished-at="2021-06-19T18:45:26Z">
          <reporter-output>
          </reporter-output>
        </test-method> <!-- setUp -->
        <test-method status="PASS" signature="validateVisibleButton()[pri:0, instance:com.aisha.DemoQASiteTestNG.TestClasses.DynamicPropertiesTest@ff5b51f]" name="validateVisibleButton" duration-ms="5588" started-at="2021-06-19T18:45:26Z" finished-at="2021-06-19T18:45:32Z">
          <reporter-output>
          </reporter-output>
        </test-method> <!-- validateVisibleButton -->
        <test-method status="PASS" signature="tearDown()[pri:0, instance:com.aisha.DemoQASiteTestNG.TestClasses.DynamicPropertiesTest@ff5b51f]" name="tearDown" is-config="true" duration-ms="1388" started-at="2021-06-19T18:45:32Z" finished-at="2021-06-19T18:45:33Z">
          <reporter-output>
          </reporter-output>
        </test-method> <!-- tearDown -->
      </class> <!-- com.aisha.DemoQASiteTestNG.TestClasses.DynamicPropertiesTest -->
    </test> <!-- Elements Test -->
  </suite> <!-- Suite -->
</testng-results>
