<?xml version="1.0" encoding="UTF-8"?>
<!-- Generated by org.testng.reporters.JUnitXMLReporter -->
<testsuite hostname="DESKTOP-9S87ER3" ignored="4" name="Elements Test(failed)(failed)(failed)" tests="4" failures="3" timestamp="15 May 2021 17:04:52 GMT" time="33.434" errors="0">
  <testcase name="@AfterMethod tearDown" time="0.001" classname="com.aisha.DemoQASiteTestNG.TestClasses.TextBoxTest">
    <failure type="java.lang.NullPointerException">
      <![CDATA[java.lang.NullPointerException
at com.aisha.DemoQASiteTestNG.TestClasses.TextBoxTest.tearDown(TextBoxTest.java:67)
at java.util.concurrent.ThreadPoolExecutor.runWorker(ThreadPoolExecutor.java:1149)
at java.util.concurrent.ThreadPoolExecutor$Worker.run(ThreadPoolExecutor.java:624)
at java.lang.Thread.run(Thread.java:748)
... Removed 13 stack frames]]>
    </failure>
  </testcase> <!-- @AfterMethod tearDown -->
  <testcase name="validatecheckBoxOptionsDescription" time="1.155" classname="com.aisha.DemoQASiteTestNG.TestClasses.CheckBoxTest">
    <failure type="java.lang.NullPointerException">
      <![CDATA[java.lang.NullPointerException
at com.aisha.DemoQASiteTestNG.pageClasses.ElementsCheckBoxPageClass.checkBoxOptionsDescription(ElementsCheckBoxPageClass.java:51)
at com.aisha.DemoQASiteTestNG.TestClasses.CheckBoxTest.validatecheckBoxOptionsDescription(CheckBoxTest.java:39)
at java.util.concurrent.ThreadPoolExecutor.runWorker(ThreadPoolExecutor.java:1149)
at java.util.concurrent.ThreadPoolExecutor$Worker.run(ThreadPoolExecutor.java:624)
at java.lang.Thread.run(Thread.java:748)
... Removed 10 stack frames]]>
    </failure>
  </testcase> <!-- validatecheckBoxOptionsDescription -->
  <testcase name="isEmailBoxHighlighted" time="2.41" classname="com.aisha.DemoQASiteTestNG.TestClasses.TextBoxTest"/>
  <testcase name="validatecheckBoxOptionsDescription" time="1.129" classname="com.aisha.DemoQASiteTestNG.TestClasses.CheckBoxTest">
    <failure type="java.lang.NullPointerException">
      <![CDATA[java.lang.NullPointerException
at com.aisha.DemoQASiteTestNG.pageClasses.ElementsCheckBoxPageClass.checkBoxOptionsDescription(ElementsCheckBoxPageClass.java:51)
at com.aisha.DemoQASiteTestNG.TestClasses.CheckBoxTest.validatecheckBoxOptionsDescription(CheckBoxTest.java:39)
at java.util.concurrent.ThreadPoolExecutor.runWorker(ThreadPoolExecutor.java:1149)
at java.util.concurrent.ThreadPoolExecutor$Worker.run(ThreadPoolExecutor.java:624)
at java.lang.Thread.run(Thread.java:748)
... Removed 10 stack frames]]>
    </failure>
  </testcase> <!-- validatecheckBoxOptionsDescription -->
  <testcase name="validatecheckBoxOptionsDescription" time="1.937" classname="com.aisha.DemoQASiteTestNG.TestClasses.CheckBoxTest">
    <failure type="java.lang.NullPointerException">
      <![CDATA[java.lang.NullPointerException
at com.aisha.DemoQASiteTestNG.pageClasses.ElementsCheckBoxPageClass.checkBoxOptionsDescription(ElementsCheckBoxPageClass.java:51)
at com.aisha.DemoQASiteTestNG.TestClasses.CheckBoxTest.validatecheckBoxOptionsDescription(CheckBoxTest.java:39)
at java.util.concurrent.ThreadPoolExecutor.runWorker(ThreadPoolExecutor.java:1149)
at java.util.concurrent.ThreadPoolExecutor$Worker.run(ThreadPoolExecutor.java:624)
at java.lang.Thread.run(Thread.java:748)
... Removed 10 stack frames]]>
    </failure>
  </testcase> <!-- validatecheckBoxOptionsDescription -->
  <testcase name="isElementsCardClickable" time="0.0" classname="com.aisha.DemoQASiteTestNG.TestClasses.CheckBoxTest">
    <ignored/>
  </testcase> <!-- isElementsCardClickable -->
  <testcase name="verifyElementsForm" time="0.0" classname="com.aisha.DemoQASiteTestNG.TestClasses.TextBoxTest">
    <ignored/>
  </testcase> <!-- verifyElementsForm -->
  <testcase name="isTextBoxOptionClickable" time="0.0" classname="com.aisha.DemoQASiteTestNG.TestClasses.TextBoxTest">
    <ignored/>
  </testcase> <!-- isTextBoxOptionClickable -->
  <testcase name="isElementsCardClickable" time="0.0" classname="com.aisha.DemoQASiteTestNG.TestClasses.TextBoxTest">
    <ignored/>
  </testcase> <!-- isElementsCardClickable -->
</testsuite> <!-- Elements Test(failed)(failed)(failed) -->
